# JRE version: OpenJDK Runtime Environment (8.0_242-b01) (build 1.8.0_242-release-1644-b01)
# Java VM: OpenJDK 64-Bit Server VM (25.242-b01 mixed mode windows-amd64 compressed oops)
Heap:
 PSYoungGen      total 336384K, used 134486K [0x00000000d5580000, 0x00000000ee580000, 0x0000000100000000)
  eden space 289792K, 37% used [0x00000000d5580000,0x00000000dbed2980,0x00000000e7080000)
  from space 46592K, 57% used [0x00000000e7080000,0x00000000e8a82f60,0x00000000e9e00000)
  to   space 46592K, 0% used [0x00000000eb800000,0x00000000eb800000,0x00000000ee580000)
 ParOldGen       total 159744K, used 87821K [0x0000000080000000, 0x0000000089c00000, 0x00000000d5580000)
  object space 159744K, 54% used [0x0000000080000000,0x00000000855c3700,0x0000000089c00000)
 Metaspace       used 90813K, capacity 96152K, committed 96256K, reserved 1132544K
  class space    used 12051K, capacity 12965K, committed 13056K, reserved 1048576K
GC Heap History (10 events):
Event: 20.388 GC heap before
{Heap before GC invocations=16 (full 3):
 PSYoungGen      total 249856K, used 249687K [0x00000000d5580000, 0x00000000e6680000, 0x0000000100000000)
  eden space 231936K, 100% used [0x00000000d5580000,0x00000000e3800000,0x00000000e3800000)
  from space 17920K, 99% used [0x00000000e5500000,0x00000000e6655f20,0x00000000e6680000)
  to   space 22016K, 0% used [0x00000000e3b80000,0x00000000e3b80000,0x00000000e5100000)
 ParOldGen       total 159744K, used 31129K [0x0000000080000000, 0x0000000089c00000, 0x00000000d5580000)
  object space 159744K, 19% used [0x0000000080000000,0x0000000081e66458,0x0000000089c00000)
 Metaspace       used 72424K, capacity 76076K, committed 76416K, reserved 1116160K
  class space    used 9869K, capacity 10527K, committed 10624K, reserved 1048576K
Event: 20.418 GC heap after
Heap after GC invocations=16 (full 3):
 PSYoungGen      total 257536K, used 22004K [0x00000000d5580000, 0x00000000e8d00000, 0x0000000100000000)
  eden space 235520K, 0% used [0x00000000d5580000,0x00000000d5580000,0x00000000e3b80000)
  from space 22016K, 99% used [0x00000000e3b80000,0x00000000e50fd0a0,0x00000000e5100000)
  to   space 25088K, 0% used [0x00000000e7480000,0x00000000e7480000,0x00000000e8d00000)
 ParOldGen       total 159744K, used 31398K [0x0000000080000000, 0x0000000089c00000, 0x00000000d5580000)
  object space 159744K, 19% used [0x0000000080000000,0x0000000081ea9b08,0x0000000089c00000)
 Metaspace       used 72424K, capacity 76076K, committed 76416K, reserved 1116160K
  class space    used 9869K, capacity 10527K, committed 10624K, reserved 1048576K
}
Event: 23.318 GC heap before
{Heap before GC invocations=17 (full 3):
 PSYoungGen      total 257536K, used 257524K [0x00000000d5580000, 0x00000000e8d00000, 0x0000000100000000)
  eden space 235520K, 100% used [0x00000000d5580000,0x00000000e3b80000,0x00000000e3b80000)
  from space 22016K, 99% used [0x00000000e3b80000,0x00000000e50fd0a0,0x00000000e5100000)
  to   space 25088K, 0% used [0x00000000e7480000,0x00000000e7480000,0x00000000e8d00000)
 ParOldGen       total 159744K, used 31398K [0x0000000080000000, 0x0000000089c00000, 0x00000000d5580000)
  object space 159744K, 19% used [0x0000000080000000,0x0000000081ea9b08,0x0000000089c00000)
 Metaspace       used 79513K, capacity 83810K, committed 83968K, reserved 1122304K
  class space    used 10941K, capacity 11720K, committed 11776K, reserved 1048576K
Event: 23.455 GC heap after
Heap after GC invocations=17 (full 3):
 PSYoungGen      total 272896K, used 25071K [0x00000000d5580000, 0x00000000ec700000, 0x0000000100000000)
  eden space 247808K, 0% used [0x00000000d5580000,0x00000000d5580000,0x00000000e4780000)
  from space 25088K, 99% used [0x00000000e7480000,0x00000000e8cfbee8,0x00000000e8d00000)
  to   space 46080K, 0% used [0x00000000e4780000,0x00000000e4780000,0x00000000e7480000)
 ParOldGen       total 159744K, used 78258K [0x0000000080000000, 0x0000000089c00000, 0x00000000d5580000)
  object space 159744K, 48% used [0x0000000080000000,0x0000000084c6c8c8,0x0000000089c00000)
 Metaspace       used 79513K, capacity 83810K, committed 83968K, reserved 1122304K
  class space    used 10941K, capacity 11720K, committed 11776K, reserved 1048576K
}
Event: 28.719 GC heap before
{Heap before GC invocations=18 (full 3):
 PSYoungGen      total 272896K, used 272879K [0x00000000d5580000, 0x00000000ec700000, 0x0000000100000000)
  eden space 247808K, 100% used [0x00000000d5580000,0x00000000e4780000,0x00000000e4780000)
  from space 25088K, 99% used [0x00000000e7480000,0x00000000e8cfbee8,0x00000000e8d00000)
  to   space 46080K, 0% used [0x00000000e4780000,0x00000000e4780000,0x00000000e7480000)
 ParOldGen       total 159744K, used 78258K [0x0000000080000000, 0x0000000089c00000, 0x00000000d5580000)
  object space 159744K, 48% used [0x0000000080000000,0x0000000084c6c8c8,0x0000000089c00000)
 Metaspace       used 83262K, capacity 87854K, committed 87936K, reserved 1124352K
  class space    used 11369K, capacity 12154K, committed 12160K, reserved 1048576K
Event: 28.767 GC heap after
Heap after GC invocations=18 (full 3):
 PSYoungGen      total 293888K, used 24507K [0x00000000d5580000, 0x00000000ed000000, 0x0000000100000000)
  eden space 247808K, 0% used [0x00000000d5580000,0x00000000d5580000,0x00000000e4780000)
  from space 46080K, 53% used [0x00000000e4780000,0x00000000e5f6ec78,0x00000000e7480000)
  to   space 45568K, 0% used [0x00000000ea380000,0x00000000ea380000,0x00000000ed000000)
 ParOldGen       total 159744K, used 87805K [0x0000000080000000, 0x0000000089c00000, 0x00000000d5580000)
  object space 159744K, 54% used [0x0000000080000000,0x00000000855bf700,0x0000000089c00000)
 Metaspace       used 83262K, capacity 87854K, committed 87936K, reserved 1124352K
  class space    used 11369K, capacity 12154K, committed 12160K, reserved 1048576K
}
Event: 37.961 GC heap before
{Heap before GC invocations=19 (full 3):
 PSYoungGen      total 293888K, used 272315K [0x00000000d5580000, 0x00000000ed000000, 0x0000000100000000)
  eden space 247808K, 100% used [0x00000000d5580000,0x00000000e4780000,0x00000000e4780000)
  from space 46080K, 53% used [0x00000000e4780000,0x00000000e5f6ec78,0x00000000e7480000)
  to   space 45568K, 0% used [0x00000000ea380000,0x00000000ea380000,0x00000000ed000000)
 ParOldGen       total 159744K, used 87805K [0x0000000080000000, 0x0000000089c00000, 0x00000000d5580000)
  object space 159744K, 54% used [0x0000000080000000,0x00000000855bf700,0x0000000089c00000)
 Metaspace       used 88213K, capacity 93048K, committed 93312K, reserved 1130496K
  class space    used 11807K, capacity 12653K, committed 12672K, reserved 1048576K
Event: 38.010 GC heap after
Heap after GC invocations=19 (full 3):
 PSYoungGen      total 330752K, used 29064K [0x00000000d5580000, 0x00000000ecb80000, 0x0000000100000000)
  eden space 289792K, 0% used [0x00000000d5580000,0x00000000d5580000,0x00000000e7080000)
  from space 40960K, 70% used [0x00000000ea380000,0x00000000ebfe22e0,0x00000000ecb80000)
  to   space 46592K, 0% used [0x00000000e7080000,0x00000000e7080000,0x00000000e9e00000)
 ParOldGen       total 159744K, used 87813K [0x0000000080000000, 0x0000000089c00000, 0x00000000d5580000)
  object space 159744K, 54% used [0x0000000080000000,0x00000000855c1700,0x0000000089c00000)
 Metaspace       used 88213K, capacity 93048K, committed 93312K, reserved 1130496K
  class space    used 11807K, capacity 12653K, committed 12672K, reserved 1048576K
}
Event: 352.977 GC heap before
{Heap before GC invocations=20 (full 3):
 PSYoungGen      total 330752K, used 318856K [0x00000000d5580000, 0x00000000ecb80000, 0x0000000100000000)
  eden space 289792K, 100% used [0x00000000d5580000,0x00000000e7080000,0x00000000e7080000)
  from space 40960K, 70% used [0x00000000ea380000,0x00000000ebfe22e0,0x00000000ecb80000)
  to   space 46592K, 0% used [0x00000000e7080000,0x00000000e7080000,0x00000000e9e00000)
 ParOldGen       total 159744K, used 87813K [0x0000000080000000, 0x0000000089c00000, 0x00000000d5580000)
  object space 159744K, 54% used [0x0000000080000000,0x00000000855c1700,0x0000000089c00000)
 Metaspace       used 89498K, capacity 94602K, committed 94720K, reserved 1130496K
  class space    used 11888K, capacity 12772K, committed 12800K, reserved 1048576K
Event: 353.011 GC heap after
Heap after GC invocations=20 (full 3):
 PSYoungGen      total 336384K, used 26635K [0x00000000d5580000, 0x00000000ee580000, 0x0000000100000000)
  eden space 289792K, 0% used [0x00000000d5580000,0x00000000d5580000,0x00000000e7080000)
  from space 46592K, 57% used [0x00000000e7080000,0x00000000e8a82f60,0x00000000e9e00000)
  to   space 46592K, 0% used [0x00000000eb800000,0x00000000eb800000,0x00000000ee580000)
 ParOldGen       total 159744K, used 87821K [0x0000000080000000, 0x0000000089c00000, 0x00000000d5580000)
  object space 159744K, 54% used [0x0000000080000000,0x00000000855c3700,0x0000000089c00000)
 Metaspace       used 89498K, capacity 94602K, committed 94720K, reserved 1130496K
  class space    used 11888K, capacity 12772K, committed 12800K, reserved 1048576K
}

