# JRE version: OpenJDK Runtime Environment (8.0_242-b01) (build 1.8.0_242-release-1644-b01)
# Java VM: OpenJDK 64-Bit Server VM (25.242-b01 mixed mode windows-amd64 compressed oops)
Heap:
 PSYoungGen      total 107008K, used 28271K [0x0000000780b80000, 0x0000000788f80000, 0x00000007c0000000)
  eden space 85504K, 7% used [0x0000000780b80000,0x000000078121e190,0x0000000785f00000)
  from space 21504K, 99% used [0x0000000785f00000,0x00000007873fdc58,0x0000000787400000)
  to   space 16896K, 0% used [0x0000000787400000,0x0000000787400000,0x0000000788480000)
 ParOldGen       total 162304K, used 39392K [0x0000000702200000, 0x000000070c080000, 0x0000000780b80000)
  object space 162304K, 24% used [0x0000000702200000,0x0000000704878028,0x000000070c080000)
 Metaspace       used 47766K, capacity 48650K, committed 48944K, reserved 1091584K
  class space    used 5611K, capacity 5822K, committed 5936K, reserved 1048576K
GC Heap History (10 events):
Event: 2.630 GC heap before
{Heap before GC invocations=5 (full 1):
 PSYoungGen      total 56832K, used 47550K [0x0000000780b80000, 0x0000000785e00000, 0x00000007c0000000)
  eden space 49152K, 81% used [0x0000000780b80000,0x00000007832736b0,0x0000000783b80000)
  from space 7680K, 99% used [0x0000000783b80000,0x00000007842fc1e0,0x0000000784300000)
  to   space 7680K, 0% used [0x0000000785680000,0x0000000785680000,0x0000000785e00000)
 ParOldGen       total 96256K, used 16590K [0x0000000702200000, 0x0000000708000000, 0x0000000780b80000)
  object space 96256K, 17% used [0x0000000702200000,0x0000000703233a00,0x0000000708000000)
 Metaspace       used 34682K, capacity 35240K, committed 35496K, reserved 1081344K
  class space    used 4438K, capacity 4587K, committed 4656K, reserved 1048576K
Event: 2.640 GC heap after
Heap after GC invocations=5 (full 1):
 PSYoungGen      total 76800K, used 7653K [0x0000000780b80000, 0x0000000785f00000, 0x00000007c0000000)
  eden space 69120K, 0% used [0x0000000780b80000,0x0000000780b80000,0x0000000784f00000)
  from space 7680K, 99% used [0x0000000785680000,0x0000000785df95b0,0x0000000785e00000)
  to   space 7680K, 0% used [0x0000000784f00000,0x0000000784f00000,0x0000000785680000)
 ParOldGen       total 96256K, used 25511K [0x0000000702200000, 0x0000000708000000, 0x0000000780b80000)
  object space 96256K, 26% used [0x0000000702200000,0x0000000703ae9c50,0x0000000708000000)
 Metaspace       used 34682K, capacity 35240K, committed 35496K, reserved 1081344K
  class space    used 4438K, capacity 4587K, committed 4656K, reserved 1048576K
}
Event: 2.640 GC heap before
{Heap before GC invocations=6 (full 2):
 PSYoungGen      total 76800K, used 7653K [0x0000000780b80000, 0x0000000785f00000, 0x00000007c0000000)
  eden space 69120K, 0% used [0x0000000780b80000,0x0000000780b80000,0x0000000784f00000)
  from space 7680K, 99% used [0x0000000785680000,0x0000000785df95b0,0x0000000785e00000)
  to   space 7680K, 0% used [0x0000000784f00000,0x0000000784f00000,0x0000000785680000)
 ParOldGen       total 96256K, used 25511K [0x0000000702200000, 0x0000000708000000, 0x0000000780b80000)
  object space 96256K, 26% used [0x0000000702200000,0x0000000703ae9c50,0x0000000708000000)
 Metaspace       used 34682K, capacity 35240K, committed 35496K, reserved 1081344K
  class space    used 4438K, capacity 4587K, committed 4656K, reserved 1048576K
Event: 2.695 GC heap after
Heap after GC invocations=6 (full 2):
 PSYoungGen      total 76800K, used 0K [0x0000000780b80000, 0x0000000785f00000, 0x00000007c0000000)
  eden space 69120K, 0% used [0x0000000780b80000,0x0000000780b80000,0x0000000784f00000)
  from space 7680K, 0% used [0x0000000785680000,0x0000000785680000,0x0000000785e00000)
  to   space 7680K, 0% used [0x0000000784f00000,0x0000000784f00000,0x0000000785680000)
 ParOldGen       total 162304K, used 22086K [0x0000000702200000, 0x000000070c080000, 0x0000000780b80000)
  object space 162304K, 13% used [0x0000000702200000,0x0000000703791988,0x000000070c080000)
 Metaspace       used 34682K, capacity 35240K, committed 35496K, reserved 1081344K
  class space    used 4438K, capacity 4587K, committed 4656K, reserved 1048576K
}
Event: 3.749 GC heap before
{Heap before GC invocations=7 (full 2):
 PSYoungGen      total 76800K, used 69120K [0x0000000780b80000, 0x0000000785f00000, 0x00000007c0000000)
  eden space 69120K, 100% used [0x0000000780b80000,0x0000000784f00000,0x0000000784f00000)
  from space 7680K, 0% used [0x0000000785680000,0x0000000785680000,0x0000000785e00000)
  to   space 7680K, 0% used [0x0000000784f00000,0x0000000784f00000,0x0000000785680000)
 ParOldGen       total 162304K, used 22086K [0x0000000702200000, 0x000000070c080000, 0x0000000780b80000)
  object space 162304K, 13% used [0x0000000702200000,0x0000000703791988,0x000000070c080000)
 Metaspace       used 40554K, capacity 41294K, committed 41648K, reserved 1085440K
  class space    used 5090K, capacity 5276K, committed 5296K, reserved 1048576K
Event: 3.760 GC heap after
Heap after GC invocations=7 (full 2):
 PSYoungGen      total 76800K, used 7675K [0x0000000780b80000, 0x0000000788480000, 0x00000007c0000000)
  eden space 69120K, 0% used [0x0000000780b80000,0x0000000780b80000,0x0000000784f00000)
  from space 7680K, 99% used [0x0000000784f00000,0x000000078567edd8,0x0000000785680000)
  to   space 16896K, 0% used [0x0000000787400000,0x0000000787400000,0x0000000788480000)
 ParOldGen       total 162304K, used 29077K [0x0000000702200000, 0x000000070c080000, 0x0000000780b80000)
  object space 162304K, 17% used [0x0000000702200000,0x0000000703e65698,0x000000070c080000)
 Metaspace       used 40554K, capacity 41294K, committed 41648K, reserved 1085440K
  class space    used 5090K, capacity 5276K, committed 5296K, reserved 1048576K
}
Event: 5.343 GC heap before
{Heap before GC invocations=8 (full 2):
 PSYoungGen      total 76800K, used 76795K [0x0000000780b80000, 0x0000000788480000, 0x00000007c0000000)
  eden space 69120K, 100% used [0x0000000780b80000,0x0000000784f00000,0x0000000784f00000)
  from space 7680K, 99% used [0x0000000784f00000,0x000000078567edd8,0x0000000785680000)
  to   space 16896K, 0% used [0x0000000787400000,0x0000000787400000,0x0000000788480000)
 ParOldGen       total 162304K, used 29077K [0x0000000702200000, 0x000000070c080000, 0x0000000780b80000)
  object space 162304K, 17% used [0x0000000702200000,0x0000000703e65698,0x000000070c080000)
 Metaspace       used 43831K, capacity 44652K, committed 44976K, reserved 1089536K
  class space    used 5337K, capacity 5523K, committed 5552K, reserved 1048576K
Event: 5.380 GC heap after
Heap after GC invocations=8 (full 2):
 PSYoungGen      total 102400K, used 16895K [0x0000000780b80000, 0x0000000788f80000, 0x00000007c0000000)
  eden space 85504K, 0% used [0x0000000780b80000,0x0000000780b80000,0x0000000785f00000)
  from space 16896K, 99% used [0x0000000787400000,0x000000078847fc10,0x0000000788480000)
  to   space 21504K, 0% used [0x0000000785f00000,0x0000000785f00000,0x0000000787400000)
 ParOldGen       total 162304K, used 34322K [0x0000000702200000, 0x000000070c080000, 0x0000000780b80000)
  object space 162304K, 21% used [0x0000000702200000,0x0000000704384948,0x000000070c080000)
 Metaspace       used 43831K, capacity 44652K, committed 44976K, reserved 1089536K
  class space    used 5337K, capacity 5523K, committed 5552K, reserved 1048576K
}
Event: 9.187 GC heap before
{Heap before GC invocations=9 (full 2):
 PSYoungGen      total 102400K, used 102399K [0x0000000780b80000, 0x0000000788f80000, 0x00000007c0000000)
  eden space 85504K, 100% used [0x0000000780b80000,0x0000000785f00000,0x0000000785f00000)
  from space 16896K, 99% used [0x0000000787400000,0x000000078847fc10,0x0000000788480000)
  to   space 21504K, 0% used [0x0000000785f00000,0x0000000785f00000,0x0000000787400000)
 ParOldGen       total 162304K, used 34322K [0x0000000702200000, 0x000000070c080000, 0x0000000780b80000)
  object space 162304K, 21% used [0x0000000702200000,0x0000000704384948,0x000000070c080000)
 Metaspace       used 47615K, capacity 48568K, committed 48944K, reserved 1091584K
  class space    used 5609K, capacity 5819K, committed 5936K, reserved 1048576K
Event: 9.228 GC heap after
Heap after GC invocations=9 (full 2):
 PSYoungGen      total 107008K, used 21495K [0x0000000780b80000, 0x0000000788f80000, 0x00000007c0000000)
  eden space 85504K, 0% used [0x0000000780b80000,0x0000000780b80000,0x0000000785f00000)
  from space 21504K, 99% used [0x0000000785f00000,0x00000007873fdc58,0x0000000787400000)
  to   space 16896K, 0% used [0x0000000787400000,0x0000000787400000,0x0000000788480000)
 ParOldGen       total 162304K, used 39392K [0x0000000702200000, 0x000000070c080000, 0x0000000780b80000)
  object space 162304K, 24% used [0x0000000702200000,0x0000000704878028,0x000000070c080000)
 Metaspace       used 47615K, capacity 48568K, committed 48944K, reserved 1091584K
  class space    used 5609K, capacity 5819K, committed 5936K, reserved 1048576K
}

